{"name":"hexo","hostname":"James-PC","pid":36116,"level":20,"msg":"Hexo version: 3.5.0","time":"2019-01-17T07:46:47.927Z","v":0}
{"name":"hexo","hostname":"James-PC","pid":36116,"level":20,"msg":"Working directory: D:\\blog\\blog_hexo\\","time":"2019-01-17T07:46:47.929Z","v":0}
{"name":"hexo","hostname":"James-PC","pid":36116,"level":20,"msg":"Config loaded: D:\\blog\\blog_hexo\\_config.yml","time":"2019-01-17T07:46:48.113Z","v":0}
{"name":"hexo","hostname":"James-PC","pid":36116,"level":20,"msg":"Plugin loaded: hexo-generator-archive","time":"2019-01-17T07:46:48.131Z","v":0}
{"name":"hexo","hostname":"James-PC","pid":36116,"level":20,"msg":"Plugin loaded: hexo-deployer-git","time":"2019-01-17T07:46:48.179Z","v":0}
{"name":"hexo","hostname":"James-PC","pid":36116,"level":20,"msg":"Plugin loaded: hexo-generator-category","time":"2019-01-17T07:46:48.182Z","v":0}
{"name":"hexo","hostname":"James-PC","pid":36116,"level":20,"msg":"Plugin loaded: hexo-generator-index","time":"2019-01-17T07:46:48.185Z","v":0}
{"name":"hexo","hostname":"James-PC","pid":36116,"level":20,"msg":"Plugin loaded: hexo-generator-baidu-sitemap","time":"2019-01-17T07:46:48.193Z","v":0}
{"name":"hexo","hostname":"James-PC","pid":36116,"level":20,"msg":"Plugin loaded: hexo-generator-sitemap","time":"2019-01-17T07:46:48.197Z","v":0}
{"name":"hexo","hostname":"James-PC","pid":36116,"level":20,"msg":"Plugin loaded: hexo-renderer-stylus","time":"2019-01-17T07:46:48.198Z","v":0}
{"name":"hexo","hostname":"James-PC","pid":36116,"level":20,"msg":"Plugin loaded: hexo-admin","time":"2019-01-17T07:46:48.270Z","v":0}
{"name":"hexo","hostname":"James-PC","pid":36116,"level":20,"msg":"Plugin loaded: hexo-generator-tag","time":"2019-01-17T07:46:48.272Z","v":0}
{"name":"hexo","hostname":"James-PC","pid":36116,"level":20,"msg":"Plugin loaded: hexo-server","time":"2019-01-17T07:46:48.369Z","v":0}
{"name":"hexo","hostname":"James-PC","pid":36116,"level":20,"msg":"Script loaded: themes\\next\\scripts\\merge-configs.js","time":"2019-01-17T07:46:48.372Z","v":0}
{"name":"hexo","hostname":"James-PC","pid":36116,"level":20,"msg":"Script loaded: themes\\next\\scripts\\tags\\full-image.js","time":"2019-01-17T07:46:48.372Z","v":0}
{"name":"hexo","hostname":"James-PC","pid":36116,"level":20,"msg":"Script loaded: themes\\next\\scripts\\tags\\center-quote.js","time":"2019-01-17T07:46:48.372Z","v":0}
{"name":"hexo","hostname":"James-PC","pid":36116,"level":20,"msg":"Script loaded: themes\\next\\scripts\\tags\\group-pictures.js","time":"2019-01-17T07:46:48.373Z","v":0}
{"name":"hexo","hostname":"James-PC","pid":36116,"level":20,"msg":"Loading database.","time":"2019-01-17T07:46:48.406Z","v":0}
{"name":"hexo","hostname":"James-PC","pid":36116,"level":30,"msg":"Start processing","time":"2019-01-17T07:46:48.451Z","v":0}
{"name":"hexo","hostname":"James-PC","pid":36116,"level":20,"msg":"Processed: 404.html","time":"2019-01-17T07:46:48.502Z","v":0}
{"name":"hexo","hostname":"James-PC","pid":36116,"level":20,"msg":"Processed: 404/index.md","time":"2019-01-17T07:46:48.517Z","v":0}
{"name":"hexo","hostname":"James-PC","pid":36116,"level":20,"msg":"Processed: _posts/CAS.md","time":"2019-01-17T07:46:48.533Z","v":0}
{"name":"hexo","hostname":"James-PC","pid":36116,"level":20,"msg":"Processed: _posts/ConcurrentHashMap.md","time":"2019-01-17T07:46:48.533Z","v":0}
{"name":"hexo","hostname":"James-PC","pid":36116,"level":20,"msg":"Processed: _posts/Docker.md","time":"2019-01-17T07:46:48.533Z","v":0}
{"name":"hexo","hostname":"James-PC","pid":36116,"level":20,"msg":"Processed: _posts/HBase.md","time":"2019-01-17T07:46:48.533Z","v":0}
{"name":"hexo","hostname":"James-PC","pid":36116,"level":20,"msg":"Processed: _posts/HashMap.md","time":"2019-01-17T07:46:48.533Z","v":0}
{"name":"hexo","hostname":"James-PC","pid":36116,"level":20,"msg":"Processed: _posts/JVM排查小记.md","time":"2019-01-17T07:46:48.533Z","v":0}
{"name":"hexo","hostname":"James-PC","pid":36116,"level":20,"msg":"Processed: _posts/Kafka.md","time":"2019-01-17T07:46:48.533Z","v":0}
{"name":"hexo","hostname":"James-PC","pid":36116,"level":20,"msg":"Processed: _posts/Javagc.md","time":"2019-01-17T07:46:48.533Z","v":0}
{"name":"hexo","hostname":"James-PC","pid":36116,"level":20,"msg":"Processed: _posts/LinkedList.md","time":"2019-01-17T07:46:48.533Z","v":0}
{"name":"hexo","hostname":"James-PC","pid":36116,"level":20,"msg":"Processed: _posts/Redis-experience.md","time":"2019-01-17T07:46:48.533Z","v":0}
{"name":"hexo","hostname":"James-PC","pid":36116,"level":20,"msg":"Processed: _posts/Spring-AOP.md","time":"2019-01-17T07:46:48.533Z","v":0}
{"name":"hexo","hostname":"James-PC","pid":36116,"level":20,"msg":"Processed: _posts/RedisLock.md","time":"2019-01-17T07:46:48.533Z","v":0}
{"name":"hexo","hostname":"James-PC","pid":36116,"level":20,"msg":"Processed: _posts/ThreadLocal.md","time":"2019-01-17T07:46:48.534Z","v":0}
{"name":"hexo","hostname":"James-PC","pid":36116,"level":20,"msg":"Processed: _posts/Zookeeper.md","time":"2019-01-17T07:46:48.534Z","v":0}
{"name":"hexo","hostname":"James-PC","pid":36116,"level":20,"msg":"Processed: _posts/arraylist.md","time":"2019-01-17T07:46:48.534Z","v":0}
{"name":"hexo","hostname":"James-PC","pid":36116,"level":20,"msg":"Processed: _posts/binarysearch.md","time":"2019-01-17T07:46:48.534Z","v":0}
{"name":"hexo","hostname":"James-PC","pid":36116,"level":20,"msg":"Processed: _posts/blockchain.md","time":"2019-01-17T07:46:48.534Z","v":0}
{"name":"hexo","hostname":"James-PC","pid":36116,"level":20,"msg":"Processed: _posts/Spring系列-IOC.md","time":"2019-01-17T07:46:48.534Z","v":0}
{"name":"hexo","hostname":"James-PC","pid":36116,"level":20,"msg":"Processed: _posts/datastruct-mind.md","time":"2019-01-17T07:46:48.534Z","v":0}
{"name":"hexo","hostname":"James-PC","pid":36116,"level":20,"msg":"Processed: _posts/dev_manage.md","time":"2019-01-17T07:46:48.534Z","v":0}
{"name":"hexo","hostname":"James-PC","pid":36116,"level":20,"msg":"Processed: _posts/flume.md","time":"2019-01-17T07:46:48.534Z","v":0}
{"name":"hexo","hostname":"James-PC","pid":36116,"level":20,"msg":"Processed: _posts/jvm_memory.md","time":"2019-01-17T07:46:48.534Z","v":0}
{"name":"hexo","hostname":"James-PC","pid":36116,"level":20,"msg":"Processed: _posts/mongodb_upgrade.md","time":"2019-01-17T07:46:48.534Z","v":0}
{"name":"hexo","hostname":"James-PC","pid":36116,"level":20,"msg":"Processed: _posts/operation_mg.md","time":"2019-01-17T07:46:48.534Z","v":0}
{"name":"hexo","hostname":"James-PC","pid":36116,"level":20,"msg":"Processed: _posts/quicksort.md","time":"2019-01-17T07:46:48.534Z","v":0}
{"name":"hexo","hostname":"James-PC","pid":36116,"level":20,"msg":"Processed: _posts/rate_limit.md","time":"2019-01-17T07:46:48.534Z","v":0}
{"name":"hexo","hostname":"James-PC","pid":36116,"level":20,"msg":"Processed: _posts/synchronized.md","time":"2019-01-17T07:46:48.534Z","v":0}
{"name":"hexo","hostname":"James-PC","pid":36116,"level":20,"msg":"Processed: _posts/threadpool.md","time":"2019-01-17T07:46:48.534Z","v":0}
{"name":"hexo","hostname":"James-PC","pid":36116,"level":20,"msg":"Processed: _posts/troubleshooting.md","time":"2019-01-17T07:46:48.534Z","v":0}
{"name":"hexo","hostname":"James-PC","pid":36116,"level":20,"msg":"Processed: _posts/volatile.md","time":"2019-01-17T07:46:48.534Z","v":0}
{"name":"hexo","hostname":"James-PC","pid":36116,"level":20,"msg":"Processed: about/index.md","time":"2019-01-17T07:46:48.535Z","v":0}
{"name":"hexo","hostname":"James-PC","pid":36116,"level":20,"msg":"Processed: tags/index.md","time":"2019-01-17T07:46:48.535Z","v":0}
{"name":"hexo","hostname":"James-PC","pid":36116,"level":20,"msg":"Processed: categories/index.md","time":"2019-01-17T07:46:48.536Z","v":0}
{"name":"hexo","hostname":"James-PC","pid":36116,"level":20,"msg":"Processed: source/CNAME","time":"2019-01-17T07:46:48.536Z","v":0}
{"name":"hexo","hostname":"James-PC","pid":36116,"level":20,"msg":"Processed: images/avatar.jpg","time":"2019-01-17T07:46:48.550Z","v":0}
{"name":"hexo","hostname":"James-PC","pid":36116,"level":20,"msg":"Theme config loaded.","time":"2019-01-17T07:46:48.577Z","v":0}
{"name":"hexo","hostname":"James-PC","pid":36116,"level":20,"msg":"Processed: images/redis/Hexo Admin.html","time":"2019-01-17T07:46:48.577Z","v":0}
{"name":"hexo","hostname":"James-PC","pid":36116,"level":20,"msg":"Processed: _config.yml","time":"2019-01-17T07:46:48.578Z","v":0}
{"name":"hexo","hostname":"James-PC","pid":36116,"level":20,"msg":"Processed: images/arraylist/ArrayList_add.png","time":"2019-01-17T07:46:48.578Z","v":0}
{"name":"hexo","hostname":"James-PC","pid":36116,"level":20,"msg":"Processed: images/arraylist/ArrayList_base.png","time":"2019-01-17T07:46:48.578Z","v":0}
{"name":"hexo","hostname":"James-PC","pid":36116,"level":20,"msg":"Processed: images/arraylist/ArrayList_grow.png","time":"2019-01-17T07:46:48.578Z","v":0}
{"name":"hexo","hostname":"James-PC","pid":36116,"level":20,"msg":"Processed: images/blockchain/arch.png","time":"2019-01-17T07:46:48.579Z","v":0}
{"name":"hexo","hostname":"James-PC","pid":36116,"level":20,"msg":"Processed: images/flume/data_flow.png","time":"2019-01-17T07:46:48.579Z","v":0}
{"name":"hexo","hostname":"James-PC","pid":36116,"level":20,"msg":"Processed: images/hashmap/HashMap_addEntry.png","time":"2019-01-17T07:46:48.579Z","v":0}
{"name":"hexo","hostname":"James-PC","pid":36116,"level":20,"msg":"Processed: images/hashmap/HashMap_base.png","time":"2019-01-17T07:46:48.579Z","v":0}
{"name":"hexo","hostname":"James-PC","pid":36116,"level":20,"msg":"Processed: images/hashmap/HashMap_getEntry.png","time":"2019-01-17T07:46:48.580Z","v":0}
{"name":"hexo","hostname":"James-PC","pid":36116,"level":20,"msg":"Processed: images/hbase/a2.jpg","time":"2019-01-17T07:46:48.580Z","v":0}
{"name":"hexo","hostname":"James-PC","pid":36116,"level":20,"msg":"Processed: images/hbase/arch.png","time":"2019-01-17T07:46:48.580Z","v":0}
{"name":"hexo","hostname":"James-PC","pid":36116,"level":20,"msg":"Processed: images/jvm_trouble/thread.png","time":"2019-01-17T07:46:48.580Z","v":0}
{"name":"hexo","hostname":"James-PC","pid":36116,"level":20,"msg":"Processed: images/jvm_trouble/top.png","time":"2019-01-17T07:46:48.580Z","v":0}
{"name":"hexo","hostname":"James-PC","pid":36116,"level":20,"msg":"Processed: images/kafka/ac.png","time":"2019-01-17T07:46:48.580Z","v":0}
{"name":"hexo","hostname":"James-PC","pid":36116,"level":20,"msg":"Processed: images/kafka/topic.png","time":"2019-01-17T07:46:48.581Z","v":0}
{"name":"hexo","hostname":"James-PC","pid":36116,"level":20,"msg":"Processed: images/linklist/LinkedList_add.png","time":"2019-01-17T07:46:48.581Z","v":0}
{"name":"hexo","hostname":"James-PC","pid":36116,"level":20,"msg":"Processed: images/linklist/LinkedList_base.png","time":"2019-01-17T07:46:48.581Z","v":0}
{"name":"hexo","hostname":"James-PC","pid":36116,"level":20,"msg":"Processed: images/linklist/LinkedList_remove.png","time":"2019-01-17T07:46:48.581Z","v":0}
{"name":"hexo","hostname":"James-PC","pid":36116,"level":20,"msg":"Processed: images/jvm/jvm_heap.jpg","time":"2019-01-17T07:46:48.581Z","v":0}
{"name":"hexo","hostname":"James-PC","pid":36116,"level":20,"msg":"Processed: images/jvm/array.jpg","time":"2019-01-17T07:46:48.582Z","v":0}
{"name":"hexo","hostname":"James-PC","pid":36116,"level":20,"msg":"Processed: images/jvm/jvm_struct.jpg","time":"2019-01-17T07:46:48.582Z","v":0}
{"name":"hexo","hostname":"James-PC","pid":36116,"level":20,"msg":"Processed: images/jvm/jvm_struct2.jpg","time":"2019-01-17T07:46:48.582Z","v":0}
{"name":"hexo","hostname":"James-PC","pid":36116,"level":20,"msg":"Processed: images/ratelimit/a1.png","time":"2019-01-17T07:46:48.582Z","v":0}
{"name":"hexo","hostname":"James-PC","pid":36116,"level":20,"msg":"Processed: images/ratelimit/a2.png","time":"2019-01-17T07:46:48.582Z","v":0}
{"name":"hexo","hostname":"James-PC","pid":36116,"level":20,"msg":"Processed: images/redis/redis-memcached.png","time":"2019-01-17T07:46:48.583Z","v":0}
{"name":"hexo","hostname":"James-PC","pid":36116,"level":20,"msg":"Processed: images/op_manage/OP_life.jpeg","time":"2019-01-17T07:46:48.583Z","v":0}
{"name":"hexo","hostname":"James-PC","pid":36116,"level":20,"msg":"Processed: images/synchronized/lockstatus.png","time":"2019-01-17T07:46:48.583Z","v":0}
{"name":"hexo","hostname":"James-PC","pid":36116,"level":20,"msg":"Processed: images/synchronized/object.png","time":"2019-01-17T07:46:48.583Z","v":0}
{"name":"hexo","hostname":"James-PC","pid":36116,"level":20,"msg":"Processed: images/synchronized/thread.png","time":"2019-01-17T07:46:48.583Z","v":0}
{"name":"hexo","hostname":"James-PC","pid":36116,"level":20,"msg":"Processed: images/volatile/java-memory.png","time":"2019-01-17T07:46:48.584Z","v":0}
{"name":"hexo","hostname":"James-PC","pid":36116,"level":20,"msg":"Processed: images/zookeeper/zookeeper-tree.png","time":"2019-01-17T07:46:48.584Z","v":0}
{"name":"hexo","hostname":"James-PC","pid":36116,"level":20,"msg":"Processed: images/zookeeper/zk-framework.png","time":"2019-01-17T07:46:48.584Z","v":0}
{"name":"hexo","hostname":"James-PC","pid":36116,"level":20,"msg":"Processed: images/concurrentHashMap/image004.jpg","time":"2019-01-17T07:46:48.585Z","v":0}
{"name":"hexo","hostname":"James-PC","pid":36116,"level":20,"msg":"Processed: images/concurrentHashMap/image005.jpg","time":"2019-01-17T07:46:48.585Z","v":0}
{"name":"hexo","hostname":"James-PC","pid":36116,"level":20,"msg":"Processed: source/css/main.styl","time":"2019-01-17T07:46:48.585Z","v":0}
{"name":"hexo","hostname":"James-PC","pid":36116,"level":20,"msg":"Processed: source/images/avatar.gif","time":"2019-01-17T07:46:48.585Z","v":0}
{"name":"hexo","hostname":"James-PC","pid":36116,"level":20,"msg":"Processed: source/images/cc-by-nc-nd.svg","time":"2019-01-17T07:46:48.585Z","v":0}
{"name":"hexo","hostname":"James-PC","pid":36116,"level":20,"msg":"Processed: source/images/cc-by-nc.svg","time":"2019-01-17T07:46:48.585Z","v":0}
{"name":"hexo","hostname":"James-PC","pid":36116,"level":20,"msg":"Processed: source/images/cc-by-nd.svg","time":"2019-01-17T07:46:48.586Z","v":0}
{"name":"hexo","hostname":"James-PC","pid":36116,"level":20,"msg":"Processed: source/images/cc-by-sa.svg","time":"2019-01-17T07:46:48.586Z","v":0}
{"name":"hexo","hostname":"James-PC","pid":36116,"level":20,"msg":"Processed: source/images/cc-by.svg","time":"2019-01-17T07:46:48.586Z","v":0}
{"name":"hexo","hostname":"James-PC","pid":36116,"level":20,"msg":"Processed: source/images/cc-by-nc-sa.svg","time":"2019-01-17T07:46:48.586Z","v":0}
{"name":"hexo","hostname":"James-PC","pid":36116,"level":20,"msg":"Processed: source/images/cc-zero.svg","time":"2019-01-17T07:46:48.586Z","v":0}
{"name":"hexo","hostname":"James-PC","pid":36116,"level":20,"msg":"Processed: source/images/loading.gif","time":"2019-01-17T07:46:48.587Z","v":0}
{"name":"hexo","hostname":"James-PC","pid":36116,"level":20,"msg":"Processed: source/images/placeholder.gif","time":"2019-01-17T07:46:48.587Z","v":0}
{"name":"hexo","hostname":"James-PC","pid":36116,"level":20,"msg":"Processed: source/images/quote-l.svg","time":"2019-01-17T07:46:48.587Z","v":0}
{"name":"hexo","hostname":"James-PC","pid":36116,"level":20,"msg":"Processed: source/images/quote-r.svg","time":"2019-01-17T07:46:48.587Z","v":0}
{"name":"hexo","hostname":"James-PC","pid":36116,"level":20,"msg":"Processed: source/images/searchicon.png","time":"2019-01-17T07:46:48.587Z","v":0}
{"name":"hexo","hostname":"James-PC","pid":36116,"level":20,"msg":"Processed: images/hashmap/HashMap_removeEntryForKey.png","time":"2019-01-17T07:46:48.599Z","v":0}
{"name":"hexo","hostname":"James-PC","pid":36116,"level":20,"msg":"Processed: images/spring-ioc/bean_init.jpg","time":"2019-01-17T07:46:48.599Z","v":0}
{"name":"hexo","hostname":"James-PC","pid":36116,"level":20,"msg":"Processed: images/threadpool/工作流程.jpg","time":"2019-01-17T07:46:48.599Z","v":0}
{"name":"hexo","hostname":"James-PC","pid":36116,"level":20,"msg":"Processed: images/synchronized/syn_class.png","time":"2019-01-17T07:46:48.599Z","v":0}
{"name":"hexo","hostname":"James-PC","pid":36116,"level":20,"msg":"Processed: layout/archive.swig","time":"2019-01-17T07:46:48.736Z","v":0}
{"name":"hexo","hostname":"James-PC","pid":36116,"level":20,"msg":"Processed: layout/_layout.swig","time":"2019-01-17T07:46:48.737Z","v":0}
{"name":"hexo","hostname":"James-PC","pid":36116,"level":20,"msg":"Processed: layout/category.swig","time":"2019-01-17T07:46:48.737Z","v":0}
{"name":"hexo","hostname":"James-PC","pid":36116,"level":20,"msg":"Processed: layout/index.swig","time":"2019-01-17T07:46:48.737Z","v":0}
{"name":"hexo","hostname":"James-PC","pid":36116,"level":20,"msg":"Processed: layout/page.swig","time":"2019-01-17T07:46:48.737Z","v":0}
{"name":"hexo","hostname":"James-PC","pid":36116,"level":20,"msg":"Processed: layout/tag.swig","time":"2019-01-17T07:46:48.737Z","v":0}
{"name":"hexo","hostname":"James-PC","pid":36116,"level":20,"msg":"Processed: layout/post.swig","time":"2019-01-17T07:46:48.737Z","v":0}
{"name":"hexo","hostname":"James-PC","pid":36116,"level":20,"msg":"Processed: images/redis/Hexo Admin_files/bundle.css","time":"2019-01-17T07:46:48.743Z","v":0}
{"name":"hexo","hostname":"James-PC","pid":36116,"level":20,"msg":"Processed: images/redis/Hexo Admin_files/font-awesome.css","time":"2019-01-17T07:46:48.743Z","v":0}
{"name":"hexo","hostname":"James-PC","pid":36116,"level":20,"msg":"Processed: images/redis/Hexo Admin_files/screen.css","time":"2019-01-17T07:46:48.744Z","v":0}
{"name":"hexo","hostname":"James-PC","pid":36116,"level":20,"msg":"Processed: languages/default.yml","time":"2019-01-17T07:46:48.744Z","v":0}
{"name":"hexo","hostname":"James-PC","pid":36116,"level":20,"msg":"Processed: languages/fr-FR.yml","time":"2019-01-17T07:46:48.744Z","v":0}
{"name":"hexo","hostname":"James-PC","pid":36116,"level":20,"msg":"Processed: languages/en.yml","time":"2019-01-17T07:46:48.744Z","v":0}
{"name":"hexo","hostname":"James-PC","pid":36116,"level":20,"msg":"Processed: languages/id.yml","time":"2019-01-17T07:46:48.744Z","v":0}
{"name":"hexo","hostname":"James-PC","pid":36116,"level":20,"msg":"Processed: languages/ja.yml","time":"2019-01-17T07:46:48.744Z","v":0}
{"name":"hexo","hostname":"James-PC","pid":36116,"level":20,"msg":"Processed: languages/pt.yml","time":"2019-01-17T07:46:48.744Z","v":0}
{"name":"hexo","hostname":"James-PC","pid":36116,"level":20,"msg":"Processed: languages/ru.yml","time":"2019-01-17T07:46:48.744Z","v":0}
{"name":"hexo","hostname":"James-PC","pid":36116,"level":20,"msg":"Processed: languages/zh-Hans.yml","time":"2019-01-17T07:46:48.744Z","v":0}
{"name":"hexo","hostname":"James-PC","pid":36116,"level":20,"msg":"Processed: languages/zh-hk.yml","time":"2019-01-17T07:46:48.744Z","v":0}
{"name":"hexo","hostname":"James-PC","pid":36116,"level":20,"msg":"Processed: languages/zh-tw.yml","time":"2019-01-17T07:46:48.744Z","v":0}
{"name":"hexo","hostname":"James-PC","pid":36116,"level":20,"msg":"Processed: languages/de.yml","time":"2019-01-17T07:46:48.744Z","v":0}
{"name":"hexo","hostname":"James-PC","pid":36116,"level":20,"msg":"Processed: images/docker/docker_struct.png","time":"2019-01-17T07:46:48.745Z","v":0}
{"name":"hexo","hostname":"James-PC","pid":36116,"level":20,"msg":"Processed: images/binarysearch/example1.png","time":"2019-01-17T07:46:48.745Z","v":0}
{"name":"hexo","hostname":"James-PC","pid":36116,"level":20,"msg":"Processed: images/kafka/compare.jpg","time":"2019-01-17T07:46:48.745Z","v":0}
{"name":"hexo","hostname":"James-PC","pid":36116,"level":20,"msg":"Processed: images/redis/Hexo Admin_files/logo.png","time":"2019-01-17T07:46:48.745Z","v":0}
{"name":"hexo","hostname":"James-PC","pid":36116,"level":20,"msg":"Processed: images/op_manage/app_st.png","time":"2019-01-17T07:46:48.746Z","v":0}
{"name":"hexo","hostname":"James-PC","pid":36116,"level":20,"msg":"Processed: images/op_manage/machine_st.png","time":"2019-01-17T07:46:48.746Z","v":0}
{"name":"hexo","hostname":"James-PC","pid":36116,"level":20,"msg":"Processed: images/spring-ioc/beanfactory.png","time":"2019-01-17T07:46:48.747Z","v":0}
{"name":"hexo","hostname":"James-PC","pid":36116,"level":20,"msg":"Processed: images/binarysearch/example2.png","time":"2019-01-17T07:46:48.747Z","v":0}
{"name":"hexo","hostname":"James-PC","pid":36116,"level":20,"msg":"Processed: source/js/src/affix.js","time":"2019-01-17T07:46:48.747Z","v":0}
{"name":"hexo","hostname":"James-PC","pid":36116,"level":20,"msg":"Processed: source/js/src/bootstrap.js","time":"2019-01-17T07:46:48.748Z","v":0}
{"name":"hexo","hostname":"James-PC","pid":36116,"level":20,"msg":"Processed: source/js/src/hook-duoshuo.js","time":"2019-01-17T07:46:48.748Z","v":0}
{"name":"hexo","hostname":"James-PC","pid":36116,"level":20,"msg":"Processed: source/js/src/motion.js","time":"2019-01-17T07:46:48.748Z","v":0}
{"name":"hexo","hostname":"James-PC","pid":36116,"level":20,"msg":"Processed: source/js/src/post-details.js","time":"2019-01-17T07:46:48.748Z","v":0}
{"name":"hexo","hostname":"James-PC","pid":36116,"level":20,"msg":"Processed: source/js/src/scrollspy.js","time":"2019-01-17T07:46:48.748Z","v":0}
{"name":"hexo","hostname":"James-PC","pid":36116,"level":20,"msg":"Processed: source/js/src/utils.js","time":"2019-01-17T07:46:48.749Z","v":0}
{"name":"hexo","hostname":"James-PC","pid":36116,"level":20,"msg":"Processed: source/vendors/fastclick/LICENSE","time":"2019-01-17T07:46:48.750Z","v":0}
{"name":"hexo","hostname":"James-PC","pid":36116,"level":20,"msg":"Processed: source/vendors/fastclick/README.md","time":"2019-01-17T07:46:48.750Z","v":0}
{"name":"hexo","hostname":"James-PC","pid":36116,"level":20,"msg":"Processed: source/vendors/fastclick/bower.json","time":"2019-01-17T07:46:48.750Z","v":0}
{"name":"hexo","hostname":"James-PC","pid":36116,"level":20,"msg":"Processed: source/vendors/font-awesome/HELP-US-OUT.txt","time":"2019-01-17T07:46:48.750Z","v":0}
{"name":"hexo","hostname":"James-PC","pid":36116,"level":20,"msg":"Processed: source/vendors/font-awesome/bower.json","time":"2019-01-17T07:46:48.751Z","v":0}
{"name":"hexo","hostname":"James-PC","pid":36116,"level":20,"msg":"Processed: source/vendors/jquery_lazyload/CONTRIBUTING.md","time":"2019-01-17T07:46:48.751Z","v":0}
{"name":"hexo","hostname":"James-PC","pid":36116,"level":20,"msg":"Processed: source/vendors/jquery_lazyload/README.md","time":"2019-01-17T07:46:48.751Z","v":0}
{"name":"hexo","hostname":"James-PC","pid":36116,"level":20,"msg":"Processed: source/vendors/jquery_lazyload/jquery.scrollstop.js","time":"2019-01-17T07:46:48.751Z","v":0}
{"name":"hexo","hostname":"James-PC","pid":36116,"level":20,"msg":"Processed: source/vendors/jquery_lazyload/jquery.lazyload.js","time":"2019-01-17T07:46:48.751Z","v":0}
{"name":"hexo","hostname":"James-PC","pid":36116,"level":20,"msg":"Processed: source/vendors/jquery_lazyload/bower.json","time":"2019-01-17T07:46:48.751Z","v":0}
{"name":"hexo","hostname":"James-PC","pid":36116,"level":20,"msg":"Processed: images/blockchain/blockchain.png","time":"2019-01-17T07:46:48.761Z","v":0}
{"name":"hexo","hostname":"James-PC","pid":36116,"level":20,"msg":"Processed: images/redis/Hexo Admin_files/jquery-1.9.0.min.js.下载","time":"2019-01-17T07:46:48.761Z","v":0}
{"name":"hexo","hostname":"James-PC","pid":36116,"level":20,"msg":"Processed: images/datastruct/mind.png","time":"2019-01-17T07:46:48.762Z","v":0}
{"name":"hexo","hostname":"James-PC","pid":36116,"level":20,"msg":"Processed: source/vendors/velocity/bower.json","time":"2019-01-17T07:46:48.762Z","v":0}
{"name":"hexo","hostname":"James-PC","pid":36116,"level":20,"msg":"Processed: source/vendors/velocity/velocity.min.js","time":"2019-01-17T07:46:48.762Z","v":0}
{"name":"hexo","hostname":"James-PC","pid":36116,"level":20,"msg":"Processed: source/vendors/velocity/velocity.ui.min.js","time":"2019-01-17T07:46:48.762Z","v":0}
{"name":"hexo","hostname":"James-PC","pid":36116,"level":20,"msg":"Processed: source/vendors/velocity/velocity.ui.js","time":"2019-01-17T07:46:48.762Z","v":0}
{"name":"hexo","hostname":"James-PC","pid":36116,"level":20,"msg":"Processed: source/vendors/jquery/index.js","time":"2019-01-17T07:46:48.762Z","v":0}
{"name":"hexo","hostname":"James-PC","pid":36116,"level":20,"msg":"Processed: layout/_macro/post-collapse.swig","time":"2019-01-17T07:46:48.806Z","v":0}
{"name":"hexo","hostname":"James-PC","pid":36116,"level":20,"msg":"Processed: layout/_macro/reward.swig","time":"2019-01-17T07:46:48.807Z","v":0}
{"name":"hexo","hostname":"James-PC","pid":36116,"level":20,"msg":"Processed: layout/_macro/wechat-subscriber.swig","time":"2019-01-17T07:46:48.807Z","v":0}
{"name":"hexo","hostname":"James-PC","pid":36116,"level":20,"msg":"Processed: layout/_macro/post.swig","time":"2019-01-17T07:46:48.807Z","v":0}
{"name":"hexo","hostname":"James-PC","pid":36116,"level":20,"msg":"Processed: layout/_partials/comments.swig","time":"2019-01-17T07:46:48.807Z","v":0}
{"name":"hexo","hostname":"James-PC","pid":36116,"level":20,"msg":"Processed: layout/_macro/sidebar.swig","time":"2019-01-17T07:46:48.807Z","v":0}
{"name":"hexo","hostname":"James-PC","pid":36116,"level":20,"msg":"Processed: layout/_partials/footer.swig","time":"2019-01-17T07:46:48.807Z","v":0}
{"name":"hexo","hostname":"James-PC","pid":36116,"level":20,"msg":"Processed: layout/_partials/duoshuo-hot-articles.swig","time":"2019-01-17T07:46:48.807Z","v":0}
{"name":"hexo","hostname":"James-PC","pid":36116,"level":20,"msg":"Processed: layout/_partials/head.swig","time":"2019-01-17T07:46:48.807Z","v":0}
{"name":"hexo","hostname":"James-PC","pid":36116,"level":20,"msg":"Processed: layout/_partials/header.swig","time":"2019-01-17T07:46:48.807Z","v":0}
{"name":"hexo","hostname":"James-PC","pid":36116,"level":20,"msg":"Processed: layout/_partials/pagination.swig","time":"2019-01-17T07:46:48.807Z","v":0}
{"name":"hexo","hostname":"James-PC","pid":36116,"level":20,"msg":"Processed: layout/_partials/search.swig","time":"2019-01-17T07:46:48.807Z","v":0}
{"name":"hexo","hostname":"James-PC","pid":36116,"level":20,"msg":"Processed: layout/_scripts/baidu-push.swig","time":"2019-01-17T07:46:48.807Z","v":0}
{"name":"hexo","hostname":"James-PC","pid":36116,"level":20,"msg":"Processed: layout/_scripts/boostrap.swig","time":"2019-01-17T07:46:48.807Z","v":0}
{"name":"hexo","hostname":"James-PC","pid":36116,"level":20,"msg":"Processed: layout/_scripts/commons.swig","time":"2019-01-17T07:46:48.807Z","v":0}
{"name":"hexo","hostname":"James-PC","pid":36116,"level":20,"msg":"Processed: layout/_scripts/vendors.swig","time":"2019-01-17T07:46:48.807Z","v":0}
{"name":"hexo","hostname":"James-PC","pid":36116,"level":20,"msg":"Processed: images/kafka/workflow.png","time":"2019-01-17T07:46:48.810Z","v":0}
{"name":"hexo","hostname":"James-PC","pid":36116,"level":20,"msg":"Processed: source/js/src/schemes/pisces.js","time":"2019-01-17T07:46:48.810Z","v":0}
{"name":"hexo","hostname":"James-PC","pid":36116,"level":20,"msg":"Processed: source/vendors/fancybox/source/blank.gif","time":"2019-01-17T07:46:48.811Z","v":0}
{"name":"hexo","hostname":"James-PC","pid":36116,"level":20,"msg":"Processed: source/vendors/fancybox/source/fancybox_loading.gif","time":"2019-01-17T07:46:48.811Z","v":0}
{"name":"hexo","hostname":"James-PC","pid":36116,"level":20,"msg":"Processed: source/vendors/fancybox/source/fancybox_loading@2x.gif","time":"2019-01-17T07:46:48.811Z","v":0}
{"name":"hexo","hostname":"James-PC","pid":36116,"level":20,"msg":"Processed: source/vendors/fancybox/source/fancybox_sprite.png","time":"2019-01-17T07:46:48.811Z","v":0}
{"name":"hexo","hostname":"James-PC","pid":36116,"level":20,"msg":"Processed: source/vendors/fancybox/source/fancybox_overlay.png","time":"2019-01-17T07:46:48.811Z","v":0}
{"name":"hexo","hostname":"James-PC","pid":36116,"level":20,"msg":"Processed: source/vendors/fancybox/source/jquery.fancybox.css","time":"2019-01-17T07:46:48.812Z","v":0}
{"name":"hexo","hostname":"James-PC","pid":36116,"level":20,"msg":"Processed: source/vendors/fancybox/source/jquery.fancybox.js","time":"2019-01-17T07:46:48.812Z","v":0}
{"name":"hexo","hostname":"James-PC","pid":36116,"level":20,"msg":"Processed: source/vendors/fancybox/source/jquery.fancybox.pack.js","time":"2019-01-17T07:46:48.812Z","v":0}
{"name":"hexo","hostname":"James-PC","pid":36116,"level":20,"msg":"Processed: source/vendors/fancybox/source/fancybox_sprite@2x.png","time":"2019-01-17T07:46:48.812Z","v":0}
{"name":"hexo","hostname":"James-PC","pid":36116,"level":20,"msg":"Processed: source/vendors/fastclick/lib/fastclick.js","time":"2019-01-17T07:46:48.812Z","v":0}
{"name":"hexo","hostname":"James-PC","pid":36116,"level":20,"msg":"Processed: source/vendors/fastclick/lib/fastclick.min.js","time":"2019-01-17T07:46:48.812Z","v":0}
{"name":"hexo","hostname":"James-PC","pid":36116,"level":20,"msg":"Processed: source/vendors/font-awesome/css/font-awesome.css","time":"2019-01-17T07:46:48.812Z","v":0}
{"name":"hexo","hostname":"James-PC","pid":36116,"level":20,"msg":"Processed: source/vendors/font-awesome/css/font-awesome.css.map","time":"2019-01-17T07:46:48.812Z","v":0}
{"name":"hexo","hostname":"James-PC","pid":36116,"level":20,"msg":"Processed: source/vendors/font-awesome/css/font-awesome.min.css","time":"2019-01-17T07:46:48.813Z","v":0}
{"name":"hexo","hostname":"James-PC","pid":36116,"level":20,"msg":"Processed: source/vendors/ua-parser-js/dist/ua-parser.min.js","time":"2019-01-17T07:46:48.813Z","v":0}
{"name":"hexo","hostname":"James-PC","pid":36116,"level":20,"msg":"Processed: source/vendors/font-awesome/fonts/fontawesome-webfont.woff2","time":"2019-01-17T07:46:48.813Z","v":0}
{"name":"hexo","hostname":"James-PC","pid":36116,"level":20,"msg":"Processed: source/vendors/ua-parser-js/dist/ua-parser.pack.js","time":"2019-01-17T07:46:48.813Z","v":0}
{"name":"hexo","hostname":"James-PC","pid":36116,"level":20,"msg":"Processed: layout/_scripts/schemes/mist.swig","time":"2019-01-17T07:46:48.818Z","v":0}
{"name":"hexo","hostname":"James-PC","pid":36116,"level":20,"msg":"Processed: layout/_scripts/schemes/muse.swig","time":"2019-01-17T07:46:48.818Z","v":0}
{"name":"hexo","hostname":"James-PC","pid":36116,"level":20,"msg":"Processed: images/hbase/fundation.png","time":"2019-01-17T07:46:48.819Z","v":0}
{"name":"hexo","hostname":"James-PC","pid":36116,"level":20,"msg":"Processed: images/pro_trouble/java.png","time":"2019-01-17T07:46:48.819Z","v":0}
{"name":"hexo","hostname":"James-PC","pid":36116,"level":20,"msg":"Processed: images/pro_trouble/sys.png","time":"2019-01-17T07:46:48.819Z","v":0}
{"name":"hexo","hostname":"James-PC","pid":36116,"level":20,"msg":"Processed: source/vendors/font-awesome/fonts/FontAwesome.otf","time":"2019-01-17T07:46:48.819Z","v":0}
{"name":"hexo","hostname":"James-PC","pid":36116,"level":20,"msg":"Processed: source/vendors/font-awesome/fonts/fontawesome-webfont.eot","time":"2019-01-17T07:46:48.820Z","v":0}
{"name":"hexo","hostname":"James-PC","pid":36116,"level":20,"msg":"Processed: source/vendors/font-awesome/fonts/fontawesome-webfont.woff","time":"2019-01-17T07:46:48.820Z","v":0}
{"name":"hexo","hostname":"James-PC","pid":36116,"level":20,"msg":"Processed: layout/_partials/search/swiftype.swig","time":"2019-01-17T07:46:48.832Z","v":0}
{"name":"hexo","hostname":"James-PC","pid":36116,"level":20,"msg":"Processed: layout/_partials/search/tinysou.swig","time":"2019-01-17T07:46:48.832Z","v":0}
{"name":"hexo","hostname":"James-PC","pid":36116,"level":20,"msg":"Processed: layout/_partials/search/localsearch.swig","time":"2019-01-17T07:46:48.833Z","v":0}
{"name":"hexo","hostname":"James-PC","pid":36116,"level":20,"msg":"Processed: layout/_partials/share/add-this.swig","time":"2019-01-17T07:46:48.833Z","v":0}
{"name":"hexo","hostname":"James-PC","pid":36116,"level":20,"msg":"Processed: layout/_partials/head/external-fonts.swig","time":"2019-01-17T07:46:48.833Z","v":0}
{"name":"hexo","hostname":"James-PC","pid":36116,"level":20,"msg":"Processed: layout/_partials/share/baidushare.swig","time":"2019-01-17T07:46:48.833Z","v":0}
{"name":"hexo","hostname":"James-PC","pid":36116,"level":20,"msg":"Processed: layout/_scripts/pages/post-details.swig","time":"2019-01-17T07:46:48.833Z","v":0}
{"name":"hexo","hostname":"James-PC","pid":36116,"level":20,"msg":"Processed: layout/_scripts/schemes/pisces.swig","time":"2019-01-17T07:46:48.833Z","v":0}
{"name":"hexo","hostname":"James-PC","pid":36116,"level":20,"msg":"Processed: layout/_scripts/third-party/comments.swig","time":"2019-01-17T07:46:48.833Z","v":0}
{"name":"hexo","hostname":"James-PC","pid":36116,"level":20,"msg":"Processed: layout/_scripts/third-party/localsearch.swig","time":"2019-01-17T07:46:48.833Z","v":0}
{"name":"hexo","hostname":"James-PC","pid":36116,"level":20,"msg":"Processed: layout/_scripts/third-party/mathjax.swig","time":"2019-01-17T07:46:48.833Z","v":0}
{"name":"hexo","hostname":"James-PC","pid":36116,"level":20,"msg":"Processed: layout/_partials/share/duoshuo_share.swig","time":"2019-01-17T07:46:48.833Z","v":0}
{"name":"hexo","hostname":"James-PC","pid":36116,"level":20,"msg":"Processed: layout/_scripts/third-party/tinysou.swig","time":"2019-01-17T07:46:48.833Z","v":0}
{"name":"hexo","hostname":"James-PC","pid":36116,"level":20,"msg":"Processed: layout/_scripts/third-party/lean-analytics.swig","time":"2019-01-17T07:46:48.833Z","v":0}
{"name":"hexo","hostname":"James-PC","pid":36116,"level":20,"msg":"Processed: layout/_scripts/third-party/analytics.swig","time":"2019-01-17T07:46:48.833Z","v":0}
{"name":"hexo","hostname":"James-PC","pid":36116,"level":20,"msg":"Processed: layout/_partials/share/jiathis.swig","time":"2019-01-17T07:46:48.833Z","v":0}
{"name":"hexo","hostname":"James-PC","pid":36116,"level":20,"msg":"Processed: source/vendors/velocity/velocity.js","time":"2019-01-17T07:46:48.836Z","v":0}
{"name":"hexo","hostname":"James-PC","pid":36116,"level":20,"msg":"Processed: source/vendors/fancybox/source/helpers/jquery.fancybox-buttons.css","time":"2019-01-17T07:46:48.836Z","v":0}
{"name":"hexo","hostname":"James-PC","pid":36116,"level":20,"msg":"Processed: source/vendors/fancybox/source/helpers/jquery.fancybox-buttons.js","time":"2019-01-17T07:46:48.836Z","v":0}
{"name":"hexo","hostname":"James-PC","pid":36116,"level":20,"msg":"Processed: source/vendors/fancybox/source/helpers/jquery.fancybox-thumbs.css","time":"2019-01-17T07:46:48.837Z","v":0}
{"name":"hexo","hostname":"James-PC","pid":36116,"level":20,"msg":"Processed: source/vendors/fancybox/source/helpers/jquery.fancybox-thumbs.js","time":"2019-01-17T07:46:48.837Z","v":0}
{"name":"hexo","hostname":"James-PC","pid":36116,"level":20,"msg":"Processed: source/vendors/fancybox/source/helpers/fancybox_buttons.png","time":"2019-01-17T07:46:48.837Z","v":0}
{"name":"hexo","hostname":"James-PC","pid":36116,"level":20,"msg":"Processed: source/vendors/fancybox/source/helpers/jquery.fancybox-media.js","time":"2019-01-17T07:46:48.837Z","v":0}
{"name":"hexo","hostname":"James-PC","pid":36116,"level":20,"msg":"Processed: source/vendors/font-awesome/fonts/fontawesome-webfont.ttf","time":"2019-01-17T07:46:48.837Z","v":0}
{"name":"hexo","hostname":"James-PC","pid":36116,"level":20,"msg":"Processed: layout/_scripts/third-party/analytics/baidu-analytics.swig","time":"2019-01-17T07:46:48.843Z","v":0}
{"name":"hexo","hostname":"James-PC","pid":36116,"level":20,"msg":"Processed: layout/_scripts/third-party/analytics/busuanzi-counter.swig","time":"2019-01-17T07:46:48.844Z","v":0}
{"name":"hexo","hostname":"James-PC","pid":36116,"level":20,"msg":"Processed: layout/_scripts/third-party/analytics/cnzz-analytics.swig","time":"2019-01-17T07:46:48.844Z","v":0}
{"name":"hexo","hostname":"James-PC","pid":36116,"level":20,"msg":"Processed: layout/_scripts/third-party/analytics/facebook-sdk.swig","time":"2019-01-17T07:46:48.844Z","v":0}
{"name":"hexo","hostname":"James-PC","pid":36116,"level":20,"msg":"Processed: layout/_scripts/third-party/analytics/google-analytics.swig","time":"2019-01-17T07:46:48.844Z","v":0}
{"name":"hexo","hostname":"James-PC","pid":36116,"level":20,"msg":"Processed: layout/_scripts/third-party/analytics/tencent-analytics.swig","time":"2019-01-17T07:46:48.844Z","v":0}
{"name":"hexo","hostname":"James-PC","pid":36116,"level":20,"msg":"Processed: layout/_scripts/third-party/comments/disqus.swig","time":"2019-01-17T07:46:48.844Z","v":0}
{"name":"hexo","hostname":"James-PC","pid":36116,"level":20,"msg":"Processed: layout/_scripts/third-party/comments/duoshuo.swig","time":"2019-01-17T07:46:48.846Z","v":0}
{"name":"hexo","hostname":"James-PC","pid":36116,"level":20,"msg":"Processed: source/vendors/font-awesome/fonts/fontawesome-webfont.svg","time":"2019-01-17T07:46:48.846Z","v":0}
{"name":"hexo","hostname":"James-PC","pid":36116,"level":20,"msg":"Processed: images/redis/Hexo Admin_files/bundle.js.下载","time":"2019-01-17T07:46:48.989Z","v":0}
{"name":"hexo","hostname":"James-PC","pid":36116,"level":20,"msg":"Generator: page","time":"2019-01-17T07:46:49.180Z","v":0}
{"name":"hexo","hostname":"James-PC","pid":36116,"level":20,"msg":"Generator: post","time":"2019-01-17T07:46:49.180Z","v":0}
{"name":"hexo","hostname":"James-PC","pid":36116,"level":20,"msg":"Generator: archive","time":"2019-01-17T07:46:49.180Z","v":0}
{"name":"hexo","hostname":"James-PC","pid":36116,"level":20,"msg":"Generator: category","time":"2019-01-17T07:46:49.180Z","v":0}
{"name":"hexo","hostname":"James-PC","pid":36116,"level":20,"msg":"Generator: index","time":"2019-01-17T07:46:49.180Z","v":0}
{"name":"hexo","hostname":"James-PC","pid":36116,"level":20,"msg":"Generator: baidusitemap","time":"2019-01-17T07:46:49.180Z","v":0}
{"name":"hexo","hostname":"James-PC","pid":36116,"level":20,"msg":"Generator: sitemap","time":"2019-01-17T07:46:49.180Z","v":0}
{"name":"hexo","hostname":"James-PC","pid":36116,"level":20,"msg":"Generator: tag","time":"2019-01-17T07:46:49.180Z","v":0}
{"name":"hexo","hostname":"James-PC","pid":36116,"level":20,"msg":"Generator: asset","time":"2019-01-17T07:46:49.182Z","v":0}
{"name":"hexo","hostname":"James-PC","pid":36116,"level":30,"msg":"Hexo is running at http://localhost:4000/. Press Ctrl+C to stop.","time":"2019-01-17T07:46:49.187Z","v":0}
{"name":"hexo","hostname":"James-PC","pid":36116,"level":20,"msg":"Database saved","time":"2019-01-17T07:46:49.197Z","v":0}
